{"/Users/duc.tranleviet/Desktop/learn/typescript_express_reactjs_redux/src/controller/helloTS.ts": {"path":"/Users/duc.tranleviet/Desktop/learn/typescript_express_reactjs_redux/src/controller/helloTS.ts","statementMap":{"0":{"start":{"line":3,"column":0},"end":{"line":6,"column":2}},"1":{"start":{"line":4,"column":38},"end":{"line":4,"column":61}},"2":{"start":{"line":5,"column":27},"end":{"line":5,"column":42}},"3":{"start":{"line":7,"column":13},"end":{"line":7,"column":51}},"4":{"start":{"line":7,"column":45},"end":{"line":7,"column":50}}},"fnMap":{"0":{"name":"(anonymous_0)","decl":{"start":{"line":4,"column":5},"end":{"line":4,"column":6}},"loc":{"start":{"line":4,"column":38},"end":{"line":4,"column":61}}},"1":{"name":"(anonymous_1)","decl":{"start":{"line":5,"column":9},"end":{"line":5,"column":10}},"loc":{"start":{"line":5,"column":27},"end":{"line":5,"column":42}}},"2":{"name":"(anonymous_2)","decl":{"start":{"line":7,"column":19},"end":{"line":7,"column":20}},"loc":{"start":{"line":7,"column":45},"end":{"line":7,"column":50}}}},"branchMap":{},"s":{"0":1,"1":0,"2":1,"3":1,"4":1},"f":{"0":0,"1":1,"2":1},"b":{}}
}
